<?xml version="1.0" encoding="UTF-8"?>
<robot generator="Robot 7.1.1 (Python 3.10.12 on linux)" generated="2024-11-18T12:10:40.605393" rpa="false" schemaversion="5">
<suite id="s1" name="Tests" source="/home/herttavi/webcounter/src/tests">
<suite id="s1-s1" name="Increment" source="/home/herttavi/webcounter/src/tests/increment.robot">
<kw name="Open And Configure Browser" owner="resource" type="SETUP">
<kw name="Set Selenium Speed" owner="SeleniumLibrary">
<arg>${DELAY}</arg>
<doc>Sets the delay that is waited after each Selenium command.</doc>
<status status="PASS" start="2024-11-18T12:10:40.728660" elapsed="0.000292"/>
</kw>
<kw name="Open Browser" owner="SeleniumLibrary">
<msg time="2024-11-18T12:10:40.729329" level="INFO">Opening browser 'chrome' to base url 'None'.</msg>
<msg time="2024-11-18T12:10:40.771847" level="WARN">The chromedriver version (130.0.6723.91) detected in PATH at /usr/bin/chromedriver might not be compatible with the detected chrome version (131.0.6778.69); currently, chromedriver 131.0.6778.69 is recommended for chrome 131.*, so it is advised to delete the driver in PATH and retry</msg>
<arg>browser=${BROWSER}</arg>
<doc>Opens a new browser instance to the optional ``url``.</doc>
<status status="PASS" start="2024-11-18T12:10:40.729121" elapsed="0.525151"/>
</kw>
<status status="PASS" start="2024-11-18T12:10:40.727880" elapsed="0.526569"/>
</kw>
<test id="s1-s1-t1" name="At start the counter is zero" line="7">
<kw name="Go To" owner="SeleniumLibrary">
<msg time="2024-11-18T12:10:41.255340" level="INFO">Opening url 'http://localhost:5001'</msg>
<arg>${HOME_URL}</arg>
<doc>Navigates the current browser window to the provided ``url``.</doc>
<status status="PASS" start="2024-11-18T12:10:41.255094" elapsed="0.554850"/>
</kw>
<kw name="Title Should Be" owner="SeleniumLibrary">
<msg time="2024-11-18T12:10:42.322834" level="INFO">Page title is 'Laskuri'.</msg>
<arg>Laskuri</arg>
<doc>Verifies that the current page title equals ``title``.</doc>
<status status="PASS" start="2024-11-18T12:10:41.810664" elapsed="0.512472"/>
</kw>
<kw name="Page Should Contain" owner="SeleniumLibrary">
<msg time="2024-11-18T12:10:43.356328" level="INFO">Current page contains text 'nappia painettu 0 kertaa'.</msg>
<arg>nappia painettu 0 kertaa</arg>
<doc>Verifies that current page contains ``text``.</doc>
<status status="PASS" start="2024-11-18T12:10:42.323720" elapsed="1.032773"/>
</kw>
<status status="PASS" start="2024-11-18T12:10:41.254571" elapsed="2.102276"/>
</test>
<test id="s1-s1-t2" name="When button pressed twice the counter is two" line="12">
<kw name="Go To" owner="SeleniumLibrary">
<msg time="2024-11-18T12:10:43.357945" level="INFO">Opening url 'http://localhost:5001'</msg>
<arg>${HOME_URL}</arg>
<doc>Navigates the current browser window to the provided ``url``.</doc>
<status status="PASS" start="2024-11-18T12:10:43.357722" elapsed="0.516541"/>
</kw>
<kw name="Click Button" owner="SeleniumLibrary">
<msg time="2024-11-18T12:10:43.875751" level="INFO">Clicking button 'Paina'.</msg>
<arg>Paina</arg>
<doc>Clicks the button identified by ``locator``.</doc>
<status status="PASS" start="2024-11-18T12:10:43.874884" elapsed="1.619754"/>
</kw>
<kw name="Click Button" owner="SeleniumLibrary">
<msg time="2024-11-18T12:10:45.495768" level="INFO">Clicking button 'Paina'.</msg>
<arg>Paina</arg>
<doc>Clicks the button identified by ``locator``.</doc>
<status status="PASS" start="2024-11-18T12:10:45.495278" elapsed="1.568749"/>
</kw>
<kw name="Page Should Contain" owner="SeleniumLibrary">
<msg time="2024-11-18T12:10:48.095421" level="INFO">Current page contains text 'nappia painettu 2 kertaa'.</msg>
<arg>nappia painettu 2 kertaa</arg>
<doc>Verifies that current page contains ``text``.</doc>
<status status="PASS" start="2024-11-18T12:10:47.064747" elapsed="1.031027"/>
</kw>
<status status="PASS" start="2024-11-18T12:10:43.357226" elapsed="4.739159"/>
</test>
<kw name="Close Browser" owner="SeleniumLibrary" type="TEARDOWN">
<doc>Closes the current browser.</doc>
<status status="PASS" start="2024-11-18T12:10:48.097758" elapsed="0.560509"/>
</kw>
<status status="PASS" start="2024-11-18T12:10:40.622678" elapsed="8.035795"/>
</suite>
<suite id="s1-s2" name="Reset" source="/home/herttavi/webcounter/src/tests/reset.robot">
<kw name="Open And Configure Browser" owner="resource" type="SETUP">
<kw name="Set Selenium Speed" owner="SeleniumLibrary">
<arg>${DELAY}</arg>
<doc>Sets the delay that is waited after each Selenium command.</doc>
<status status="PASS" start="2024-11-18T12:10:48.665279" elapsed="0.000612"/>
</kw>
<kw name="Open Browser" owner="SeleniumLibrary">
<msg time="2024-11-18T12:10:48.666779" level="INFO">Opening browser 'chrome' to base url 'None'.</msg>
<msg time="2024-11-18T12:10:48.744392" level="WARN">The chromedriver version (130.0.6723.91) detected in PATH at /usr/bin/chromedriver might not be compatible with the detected chrome version (131.0.6778.69); currently, chromedriver 131.0.6778.69 is recommended for chrome 131.*, so it is advised to delete the driver in PATH and retry</msg>
<arg>browser=${BROWSER}</arg>
<doc>Opens a new browser instance to the optional ``url``.</doc>
<status status="PASS" start="2024-11-18T12:10:48.666260" elapsed="0.551958"/>
</kw>
<status status="PASS" start="2024-11-18T12:10:48.664796" elapsed="0.553640"/>
</kw>
<test id="s1-s2-t1" name="When counter resets the value becomes zero" line="7">
<kw name="Go To" owner="SeleniumLibrary">
<msg time="2024-11-18T12:10:49.219717" level="INFO">Opening url 'http://localhost:5001'</msg>
<arg>${HOME_URL}</arg>
<doc>Navigates the current browser window to the provided ``url``.</doc>
<status status="PASS" start="2024-11-18T12:10:49.219348" elapsed="0.552608"/>
</kw>
<kw name="Click Button" owner="SeleniumLibrary">
<msg time="2024-11-18T12:10:49.773845" level="INFO">Clicking button 'Nollaa'.</msg>
<arg>Nollaa</arg>
<doc>Clicks the button identified by ``locator``.</doc>
<status status="PASS" start="2024-11-18T12:10:49.772952" elapsed="1.613091"/>
</kw>
<kw name="Page Should Contain" owner="SeleniumLibrary">
<msg time="2024-11-18T12:10:52.420695" level="INFO">Current page contains text 'nappia painettu 0 kertaa'.</msg>
<arg>nappia painettu 0 kertaa</arg>
<doc>Verifies that current page contains ``text``.</doc>
<status status="PASS" start="2024-11-18T12:10:51.386828" elapsed="1.034030"/>
</kw>
<status status="PASS" start="2024-11-18T12:10:49.218594" elapsed="3.202567"/>
</test>
<kw name="Close Browser" owner="SeleniumLibrary" type="TEARDOWN">
<doc>Closes the current browser.</doc>
<status status="PASS" start="2024-11-18T12:10:52.421701" elapsed="0.558273"/>
</kw>
<status status="PASS" start="2024-11-18T12:10:48.659958" elapsed="4.320246"/>
</suite>
<status status="PASS" start="2024-11-18T12:10:40.606204" elapsed="12.375540"/>
</suite>
<statistics>
<total>
<stat pass="3" fail="0" skip="0">All Tests</stat>
</total>
<tag>
</tag>
<suite>
<stat pass="3" fail="0" skip="0" id="s1" name="Tests">Tests</stat>
<stat pass="2" fail="0" skip="0" id="s1-s1" name="Increment">Tests.Increment</stat>
<stat pass="1" fail="0" skip="0" id="s1-s2" name="Reset">Tests.Reset</stat>
</suite>
</statistics>
<errors>
<msg time="2024-11-18T12:10:40.771847" level="WARN">The chromedriver version (130.0.6723.91) detected in PATH at /usr/bin/chromedriver might not be compatible with the detected chrome version (131.0.6778.69); currently, chromedriver 131.0.6778.69 is recommended for chrome 131.*, so it is advised to delete the driver in PATH and retry</msg>
<msg time="2024-11-18T12:10:48.744392" level="WARN">The chromedriver version (130.0.6723.91) detected in PATH at /usr/bin/chromedriver might not be compatible with the detected chrome version (131.0.6778.69); currently, chromedriver 131.0.6778.69 is recommended for chrome 131.*, so it is advised to delete the driver in PATH and retry</msg>
</errors>
</robot>
